Testsuite: org.simpleframework.xml.core.PullParserStackOverflowTest
Tests run: 4, Failures: 0, Errors: 0, Time elapsed: 0.086 sec
------------- Standard Error -----------------
javax.xml.stream.XMLStreamException: ParseError at [row,col]:[1,39]
Message: Content is not allowed in prolog.
	at com.sun.org.apache.xerces.internal.impl.XMLStreamReaderImpl.next(XMLStreamReaderImpl.java:594)
	at com.sun.xml.internal.stream.XMLEventReaderImpl.nextEvent(XMLEventReaderImpl.java:85)
	at org.simpleframework.xml.stream.StreamReader.read(StreamReader.java:110)
	at org.simpleframework.xml.stream.StreamReader.read(StreamReader.java:122)
	at org.simpleframework.xml.stream.StreamReader.next(StreamReader.java:94)
	at org.simpleframework.xml.stream.NodeReader.readElement(NodeReader.java:111)
	at org.simpleframework.xml.stream.NodeReader.readRoot(NodeReader.java:85)
	at org.simpleframework.xml.stream.NodeBuilder.read(NodeBuilder.java:84)
	at org.simpleframework.xml.stream.NodeBuilder.read(NodeBuilder.java:58)
	at org.simpleframework.xml.core.Persister.read(Persister.java:543)
	at org.simpleframework.xml.core.Persister.read(Persister.java:444)
	at org.simpleframework.xml.core.PullParserStackOverflowTest.testBrokenStart(PullParserStackOverflowTest.java:40)
	at sun.reflect.NativeMethodAccessorImpl.invoke0(Native Method)
	at sun.reflect.NativeMethodAccessorImpl.invoke(NativeMethodAccessorImpl.java:39)
	at sun.reflect.DelegatingMethodAccessorImpl.invoke(DelegatingMethodAccessorImpl.java:25)
	at java.lang.reflect.Method.invoke(Method.java:597)
	at junit.framework.TestCase.runTest(TestCase.java:154)
	at junit.framework.TestCase.runBare(TestCase.java:127)
	at junit.framework.TestResult$1.protect(TestResult.java:106)
	at junit.framework.TestResult.runProtected(TestResult.java:124)
	at junit.framework.TestResult.run(TestResult.java:109)
	at junit.framework.TestCase.run(TestCase.java:118)
	at junit.framework.TestSuite.runTest(TestSuite.java:208)
	at junit.framework.TestSuite.run(TestSuite.java:203)
	at org.apache.tools.ant.taskdefs.optional.junit.JUnitTestRunner.run(JUnitTestRunner.java:518)
	at org.apache.tools.ant.taskdefs.optional.junit.JUnitTestRunner.launch(JUnitTestRunner.java:1052)
	at org.apache.tools.ant.taskdefs.optional.junit.JUnitTestRunner.main(JUnitTestRunner.java:906)
javax.xml.stream.XMLStreamException: ParseError at [row,col]:[1,39]
Message: Content is not allowed in prolog.
	at com.sun.org.apache.xerces.internal.impl.XMLStreamReaderImpl.next(XMLStreamReaderImpl.java:594)
	at com.sun.xml.internal.stream.XMLEventReaderImpl.nextEvent(XMLEventReaderImpl.java:85)
	at org.simpleframework.xml.stream.StreamReader.read(StreamReader.java:110)
	at org.simpleframework.xml.stream.StreamReader.read(StreamReader.java:122)
	at org.simpleframework.xml.stream.StreamReader.next(StreamReader.java:94)
	at org.simpleframework.xml.stream.NodeReader.readElement(NodeReader.java:111)
	at org.simpleframework.xml.stream.NodeReader.readRoot(NodeReader.java:85)
	at org.simpleframework.xml.stream.NodeBuilder.read(NodeBuilder.java:84)
	at org.simpleframework.xml.stream.NodeBuilder.read(NodeBuilder.java:58)
	at org.simpleframework.xml.core.Persister.read(Persister.java:543)
	at org.simpleframework.xml.core.Persister.read(Persister.java:444)
	at org.simpleframework.xml.core.PullParserStackOverflowTest.testBrokenStartButComplete(PullParserStackOverflowTest.java:54)
	at sun.reflect.NativeMethodAccessorImpl.invoke0(Native Method)
	at sun.reflect.NativeMethodAccessorImpl.invoke(NativeMethodAccessorImpl.java:39)
	at sun.reflect.DelegatingMethodAccessorImpl.invoke(DelegatingMethodAccessorImpl.java:25)
	at java.lang.reflect.Method.invoke(Method.java:597)
	at junit.framework.TestCase.runTest(TestCase.java:154)
	at junit.framework.TestCase.runBare(TestCase.java:127)
	at junit.framework.TestResult$1.protect(TestResult.java:106)
	at junit.framework.TestResult.runProtected(TestResult.java:124)
	at junit.framework.TestResult.run(TestResult.java:109)
	at junit.framework.TestCase.run(TestCase.java:118)
	at junit.framework.TestSuite.runTest(TestSuite.java:208)
	at junit.framework.TestSuite.run(TestSuite.java:203)
	at org.apache.tools.ant.taskdefs.optional.junit.JUnitTestRunner.run(JUnitTestRunner.java:518)
	at org.apache.tools.ant.taskdefs.optional.junit.JUnitTestRunner.launch(JUnitTestRunner.java:1052)
	at org.apache.tools.ant.taskdefs.optional.junit.JUnitTestRunner.main(JUnitTestRunner.java:906)
javax.xml.stream.XMLStreamException: ParseError at [row,col]:[1,77]
Message: The element type "level" must be terminated by the matching end-tag "</level>".
	at com.sun.org.apache.xerces.internal.impl.XMLStreamReaderImpl.next(XMLStreamReaderImpl.java:594)
	at com.sun.xml.internal.stream.XMLEventReaderImpl.nextEvent(XMLEventReaderImpl.java:85)
	at org.simpleframework.xml.stream.StreamReader.read(StreamReader.java:110)
	at org.simpleframework.xml.stream.StreamReader.next(StreamReader.java:94)
	at org.simpleframework.xml.stream.NodeReader.readElement(NodeReader.java:121)
	at org.simpleframework.xml.stream.InputElement.getNext(InputElement.java:216)
	at org.simpleframework.xml.core.Composite.readElements(Composite.java:436)
	at org.simpleframework.xml.core.Composite.access$400(Composite.java:59)
	at org.simpleframework.xml.core.Composite$Builder.read(Composite.java:1383)
	at org.simpleframework.xml.core.Composite.read(Composite.java:201)
	at org.simpleframework.xml.core.Composite.read(Composite.java:148)
	at org.simpleframework.xml.core.Traverser.read(Traverser.java:92)
	at org.simpleframework.xml.core.Persister.read(Persister.java:625)
	at org.simpleframework.xml.core.Persister.read(Persister.java:606)
	at org.simpleframework.xml.core.Persister.read(Persister.java:584)
	at org.simpleframework.xml.core.Persister.read(Persister.java:543)
	at org.simpleframework.xml.core.Persister.read(Persister.java:444)
	at org.simpleframework.xml.core.PullParserStackOverflowTest.testBrokenElementButComplete(PullParserStackOverflowTest.java:68)
	at sun.reflect.NativeMethodAccessorImpl.invoke0(Native Method)
	at sun.reflect.NativeMethodAccessorImpl.invoke(NativeMethodAccessorImpl.java:39)
	at sun.reflect.DelegatingMethodAccessorImpl.invoke(DelegatingMethodAccessorImpl.java:25)
	at java.lang.reflect.Method.invoke(Method.java:597)
	at junit.framework.TestCase.runTest(TestCase.java:154)
	at junit.framework.TestCase.runBare(TestCase.java:127)
	at junit.framework.TestResult$1.protect(TestResult.java:106)
	at junit.framework.TestResult.runProtected(TestResult.java:124)
	at junit.framework.TestResult.run(TestResult.java:109)
	at junit.framework.TestCase.run(TestCase.java:118)
	at junit.framework.TestSuite.runTest(TestSuite.java:208)
	at junit.framework.TestSuite.run(TestSuite.java:203)
	at org.apache.tools.ant.taskdefs.optional.junit.JUnitTestRunner.run(JUnitTestRunner.java:518)
	at org.apache.tools.ant.taskdefs.optional.junit.JUnitTestRunner.launch(JUnitTestRunner.java:1052)
	at org.apache.tools.ant.taskdefs.optional.junit.JUnitTestRunner.main(JUnitTestRunner.java:906)
------------- ---------------- ---------------

Testcase: testBrokenStart took 0.027 sec
Testcase: testBrokenStartButComplete took 0.002 sec
Testcase: testBrokenElementButComplete took 0.052 sec
Testcase: testDirectory took 0.002 sec
