Testsuite: org.simpleframework.xml.core.PathParserTest
Tests run: 10, Failures: 0, Errors: 0, Time elapsed: 0.028 sec
------------- Standard Error -----------------
org.simpleframework.xml.core.PathException: Path '//' in class org.simpleframework.xml.core.PathParserTest references document root
	at org.simpleframework.xml.core.PathParser.path(PathParser.java:425)
	at org.simpleframework.xml.core.PathParser.parse(PathParser.java:414)
	at org.simpleframework.xml.core.PathParser.<init>(PathParser.java:157)
	at org.simpleframework.xml.core.PathParserTest.ensureException(PathParserTest.java:314)
	at org.simpleframework.xml.core.PathParserTest.testExceptions(PathParserTest.java:295)
	at sun.reflect.NativeMethodAccessorImpl.invoke0(Native Method)
	at sun.reflect.NativeMethodAccessorImpl.invoke(NativeMethodAccessorImpl.java:39)
	at sun.reflect.DelegatingMethodAccessorImpl.invoke(DelegatingMethodAccessorImpl.java:25)
	at java.lang.reflect.Method.invoke(Method.java:597)
	at junit.framework.TestCase.runTest(TestCase.java:154)
	at junit.framework.TestCase.runBare(TestCase.java:127)
	at junit.framework.TestResult$1.protect(TestResult.java:106)
	at junit.framework.TestResult.runProtected(TestResult.java:124)
	at junit.framework.TestResult.run(TestResult.java:109)
	at junit.framework.TestCase.run(TestCase.java:118)
	at junit.framework.TestSuite.runTest(TestSuite.java:208)
	at junit.framework.TestSuite.run(TestSuite.java:203)
	at org.apache.tools.ant.taskdefs.optional.junit.JUnitTestRunner.run(JUnitTestRunner.java:518)
	at org.apache.tools.ant.taskdefs.optional.junit.JUnitTestRunner.launch(JUnitTestRunner.java:1052)
	at org.apache.tools.ant.taskdefs.optional.junit.JUnitTestRunner.main(JUnitTestRunner.java:906)
org.simpleframework.xml.core.PathException: Invalid index for path 'some[[1]/path' in class org.simpleframework.xml.core.PathParserTest
	at org.simpleframework.xml.core.PathParser.index(PathParser.java:588)
	at org.simpleframework.xml.core.PathParser.element(PathParser.java:529)
	at org.simpleframework.xml.core.PathParser.segment(PathParser.java:506)
	at org.simpleframework.xml.core.PathParser.path(PathParser.java:434)
	at org.simpleframework.xml.core.PathParser.parse(PathParser.java:414)
	at org.simpleframework.xml.core.PathParser.<init>(PathParser.java:157)
	at org.simpleframework.xml.core.PathParserTest.ensureException(PathParserTest.java:314)
	at org.simpleframework.xml.core.PathParserTest.testExceptions(PathParserTest.java:296)
	at sun.reflect.NativeMethodAccessorImpl.invoke0(Native Method)
	at sun.reflect.NativeMethodAccessorImpl.invoke(NativeMethodAccessorImpl.java:39)
	at sun.reflect.DelegatingMethodAccessorImpl.invoke(DelegatingMethodAccessorImpl.java:25)
	at java.lang.reflect.Method.invoke(Method.java:597)
	at junit.framework.TestCase.runTest(TestCase.java:154)
	at junit.framework.TestCase.runBare(TestCase.java:127)
	at junit.framework.TestResult$1.protect(TestResult.java:106)
	at junit.framework.TestResult.runProtected(TestResult.java:124)
	at junit.framework.TestResult.run(TestResult.java:109)
	at junit.framework.TestCase.run(TestCase.java:118)
	at junit.framework.TestSuite.runTest(TestSuite.java:208)
	at junit.framework.TestSuite.run(TestSuite.java:203)
	at org.apache.tools.ant.taskdefs.optional.junit.JUnitTestRunner.run(JUnitTestRunner.java:518)
	at org.apache.tools.ant.taskdefs.optional.junit.JUnitTestRunner.launch(JUnitTestRunner.java:1052)
	at org.apache.tools.ant.taskdefs.optional.junit.JUnitTestRunner.main(JUnitTestRunner.java:906)
org.simpleframework.xml.core.PathException: Illegal character ']' in element for 'some1]/path' in class org.simpleframework.xml.core.PathParserTest
	at org.simpleframework.xml.core.PathParser.element(PathParser.java:532)
	at org.simpleframework.xml.core.PathParser.segment(PathParser.java:506)
	at org.simpleframework.xml.core.PathParser.path(PathParser.java:434)
	at org.simpleframework.xml.core.PathParser.parse(PathParser.java:414)
	at org.simpleframework.xml.core.PathParser.<init>(PathParser.java:157)
	at org.simpleframework.xml.core.PathParserTest.ensureException(PathParserTest.java:314)
	at org.simpleframework.xml.core.PathParserTest.testExceptions(PathParserTest.java:297)
	at sun.reflect.NativeMethodAccessorImpl.invoke0(Native Method)
	at sun.reflect.NativeMethodAccessorImpl.invoke(NativeMethodAccessorImpl.java:39)
	at sun.reflect.DelegatingMethodAccessorImpl.invoke(DelegatingMethodAccessorImpl.java:25)
	at java.lang.reflect.Method.invoke(Method.java:597)
	at junit.framework.TestCase.runTest(TestCase.java:154)
	at junit.framework.TestCase.runBare(TestCase.java:127)
	at junit.framework.TestResult$1.protect(TestResult.java:106)
	at junit.framework.TestResult.runProtected(TestResult.java:124)
	at junit.framework.TestResult.run(TestResult.java:109)
	at junit.framework.TestCase.run(TestCase.java:118)
	at junit.framework.TestSuite.runTest(TestSuite.java:208)
	at junit.framework.TestSuite.run(TestSuite.java:203)
	at org.apache.tools.ant.taskdefs.optional.junit.JUnitTestRunner.run(JUnitTestRunner.java:518)
	at org.apache.tools.ant.taskdefs.optional.junit.JUnitTestRunner.launch(JUnitTestRunner.java:1052)
	at org.apache.tools.ant.taskdefs.optional.junit.JUnitTestRunner.main(JUnitTestRunner.java:906)
org.simpleframework.xml.core.PathException: Invalid path expression 'a/b//c' in class org.simpleframework.xml.core.PathParserTest
	at org.simpleframework.xml.core.PathParser.segment(PathParser.java:501)
	at org.simpleframework.xml.core.PathParser.path(PathParser.java:434)
	at org.simpleframework.xml.core.PathParser.parse(PathParser.java:414)
	at org.simpleframework.xml.core.PathParser.<init>(PathParser.java:157)
	at org.simpleframework.xml.core.PathParserTest.ensureException(PathParserTest.java:314)
	at org.simpleframework.xml.core.PathParserTest.testExceptions(PathParserTest.java:298)
	at sun.reflect.NativeMethodAccessorImpl.invoke0(Native Method)
	at sun.reflect.NativeMethodAccessorImpl.invoke(NativeMethodAccessorImpl.java:39)
	at sun.reflect.DelegatingMethodAccessorImpl.invoke(DelegatingMethodAccessorImpl.java:25)
	at java.lang.reflect.Method.invoke(Method.java:597)
	at junit.framework.TestCase.runTest(TestCase.java:154)
	at junit.framework.TestCase.runBare(TestCase.java:127)
	at junit.framework.TestResult$1.protect(TestResult.java:106)
	at junit.framework.TestResult.runProtected(TestResult.java:124)
	at junit.framework.TestResult.run(TestResult.java:109)
	at junit.framework.TestCase.run(TestCase.java:118)
	at junit.framework.TestSuite.runTest(TestSuite.java:208)
	at junit.framework.TestSuite.run(TestSuite.java:203)
	at org.apache.tools.ant.taskdefs.optional.junit.JUnitTestRunner.run(JUnitTestRunner.java:518)
	at org.apache.tools.ant.taskdefs.optional.junit.JUnitTestRunner.launch(JUnitTestRunner.java:1052)
	at org.apache.tools.ant.taskdefs.optional.junit.JUnitTestRunner.main(JUnitTestRunner.java:906)
org.simpleframework.xml.core.PathException: Invalid path expression './a[100]//b' in class org.simpleframework.xml.core.PathParserTest
	at org.simpleframework.xml.core.PathParser.segment(PathParser.java:501)
	at org.simpleframework.xml.core.PathParser.path(PathParser.java:434)
	at org.simpleframework.xml.core.PathParser.parse(PathParser.java:414)
	at org.simpleframework.xml.core.PathParser.<init>(PathParser.java:157)
	at org.simpleframework.xml.core.PathParserTest.ensureException(PathParserTest.java:314)
	at org.simpleframework.xml.core.PathParserTest.testExceptions(PathParserTest.java:299)
	at sun.reflect.NativeMethodAccessorImpl.invoke0(Native Method)
	at sun.reflect.NativeMethodAccessorImpl.invoke(NativeMethodAccessorImpl.java:39)
	at sun.reflect.DelegatingMethodAccessorImpl.invoke(DelegatingMethodAccessorImpl.java:25)
	at java.lang.reflect.Method.invoke(Method.java:597)
	at junit.framework.TestCase.runTest(TestCase.java:154)
	at junit.framework.TestCase.runBare(TestCase.java:127)
	at junit.framework.TestResult$1.protect(TestResult.java:106)
	at junit.framework.TestResult.runProtected(TestResult.java:124)
	at junit.framework.TestResult.run(TestResult.java:109)
	at junit.framework.TestCase.run(TestCase.java:118)
	at junit.framework.TestSuite.runTest(TestSuite.java:208)
	at junit.framework.TestSuite.run(TestSuite.java:203)
	at org.apache.tools.ant.taskdefs.optional.junit.JUnitTestRunner.run(JUnitTestRunner.java:518)
	at org.apache.tools.ant.taskdefs.optional.junit.JUnitTestRunner.launch(JUnitTestRunner.java:1052)
	at org.apache.tools.ant.taskdefs.optional.junit.JUnitTestRunner.main(JUnitTestRunner.java:906)
org.simpleframework.xml.core.PathException: Illegal character '@' in attribute for './a[100]/b/@@attribute' in class org.simpleframework.xml.core.PathParserTest
	at org.simpleframework.xml.core.PathParser.attribute(PathParser.java:554)
	at org.simpleframework.xml.core.PathParser.segment(PathParser.java:504)
	at org.simpleframework.xml.core.PathParser.path(PathParser.java:434)
	at org.simpleframework.xml.core.PathParser.parse(PathParser.java:414)
	at org.simpleframework.xml.core.PathParser.<init>(PathParser.java:157)
	at org.simpleframework.xml.core.PathParserTest.ensureException(PathParserTest.java:314)
	at org.simpleframework.xml.core.PathParserTest.testExceptions(PathParserTest.java:300)
	at sun.reflect.NativeMethodAccessorImpl.invoke0(Native Method)
	at sun.reflect.NativeMethodAccessorImpl.invoke(NativeMethodAccessorImpl.java:39)
	at sun.reflect.DelegatingMethodAccessorImpl.invoke(DelegatingMethodAccessorImpl.java:25)
	at java.lang.reflect.Method.invoke(Method.java:597)
	at junit.framework.TestCase.runTest(TestCase.java:154)
	at junit.framework.TestCase.runBare(TestCase.java:127)
	at junit.framework.TestResult$1.protect(TestResult.java:106)
	at junit.framework.TestResult.runProtected(TestResult.java:124)
	at junit.framework.TestResult.run(TestResult.java:109)
	at junit.framework.TestCase.run(TestCase.java:118)
	at junit.framework.TestSuite.runTest(TestSuite.java:208)
	at junit.framework.TestSuite.run(TestSuite.java:203)
	at org.apache.tools.ant.taskdefs.optional.junit.JUnitTestRunner.run(JUnitTestRunner.java:518)
	at org.apache.tools.ant.taskdefs.optional.junit.JUnitTestRunner.launch(JUnitTestRunner.java:1052)
	at org.apache.tools.ant.taskdefs.optional.junit.JUnitTestRunner.main(JUnitTestRunner.java:906)
org.simpleframework.xml.core.PathException: Path '../a[100]/b/@attribute' in class org.simpleframework.xml.core.PathParserTest has an illegal syntax
	at org.simpleframework.xml.core.PathParser.skip(PathParser.java:484)
	at org.simpleframework.xml.core.PathParser.path(PathParser.java:428)
	at org.simpleframework.xml.core.PathParser.parse(PathParser.java:414)
	at org.simpleframework.xml.core.PathParser.<init>(PathParser.java:157)
	at org.simpleframework.xml.core.PathParserTest.ensureException(PathParserTest.java:314)
	at org.simpleframework.xml.core.PathParserTest.testExceptions(PathParserTest.java:301)
	at sun.reflect.NativeMethodAccessorImpl.invoke0(Native Method)
	at sun.reflect.NativeMethodAccessorImpl.invoke(NativeMethodAccessorImpl.java:39)
	at sun.reflect.DelegatingMethodAccessorImpl.invoke(DelegatingMethodAccessorImpl.java:25)
	at java.lang.reflect.Method.invoke(Method.java:597)
	at junit.framework.TestCase.runTest(TestCase.java:154)
	at junit.framework.TestCase.runBare(TestCase.java:127)
	at junit.framework.TestResult$1.protect(TestResult.java:106)
	at junit.framework.TestResult.runProtected(TestResult.java:124)
	at junit.framework.TestResult.run(TestResult.java:109)
	at junit.framework.TestCase.run(TestCase.java:118)
	at junit.framework.TestSuite.runTest(TestSuite.java:208)
	at junit.framework.TestSuite.run(TestSuite.java:203)
	at org.apache.tools.ant.taskdefs.optional.junit.JUnitTestRunner.run(JUnitTestRunner.java:518)
	at org.apache.tools.ant.taskdefs.optional.junit.JUnitTestRunner.launch(JUnitTestRunner.java:1052)
	at org.apache.tools.ant.taskdefs.optional.junit.JUnitTestRunner.main(JUnitTestRunner.java:906)
org.simpleframework.xml.core.PathException: Path '../a[100]/@b/@attribute' in class org.simpleframework.xml.core.PathParserTest has an illegal syntax
	at org.simpleframework.xml.core.PathParser.skip(PathParser.java:484)
	at org.simpleframework.xml.core.PathParser.path(PathParser.java:428)
	at org.simpleframework.xml.core.PathParser.parse(PathParser.java:414)
	at org.simpleframework.xml.core.PathParser.<init>(PathParser.java:157)
	at org.simpleframework.xml.core.PathParserTest.ensureException(PathParserTest.java:314)
	at org.simpleframework.xml.core.PathParserTest.testExceptions(PathParserTest.java:302)
	at sun.reflect.NativeMethodAccessorImpl.invoke0(Native Method)
	at sun.reflect.NativeMethodAccessorImpl.invoke(NativeMethodAccessorImpl.java:39)
	at sun.reflect.DelegatingMethodAccessorImpl.invoke(DelegatingMethodAccessorImpl.java:25)
	at java.lang.reflect.Method.invoke(Method.java:597)
	at junit.framework.TestCase.runTest(TestCase.java:154)
	at junit.framework.TestCase.runBare(TestCase.java:127)
	at junit.framework.TestResult$1.protect(TestResult.java:106)
	at junit.framework.TestResult.runProtected(TestResult.java:124)
	at junit.framework.TestResult.run(TestResult.java:109)
	at junit.framework.TestCase.run(TestCase.java:118)
	at junit.framework.TestSuite.runTest(TestSuite.java:208)
	at junit.framework.TestSuite.run(TestSuite.java:203)
	at org.apache.tools.ant.taskdefs.optional.junit.JUnitTestRunner.run(JUnitTestRunner.java:518)
	at org.apache.tools.ant.taskdefs.optional.junit.JUnitTestRunner.launch(JUnitTestRunner.java:1052)
	at org.apache.tools.ant.taskdefs.optional.junit.JUnitTestRunner.main(JUnitTestRunner.java:906)
org.simpleframework.xml.core.PathException: Invalid path expression 'a//b//c' in class org.simpleframework.xml.core.PathParserTest
	at org.simpleframework.xml.core.PathParser.segment(PathParser.java:501)
	at org.simpleframework.xml.core.PathParser.path(PathParser.java:434)
	at org.simpleframework.xml.core.PathParser.parse(PathParser.java:414)
	at org.simpleframework.xml.core.PathParser.<init>(PathParser.java:157)
	at org.simpleframework.xml.core.PathParserTest.ensureException(PathParserTest.java:314)
	at org.simpleframework.xml.core.PathParserTest.testExceptions(PathParserTest.java:303)
	at sun.reflect.NativeMethodAccessorImpl.invoke0(Native Method)
	at sun.reflect.NativeMethodAccessorImpl.invoke(NativeMethodAccessorImpl.java:39)
	at sun.reflect.DelegatingMethodAccessorImpl.invoke(DelegatingMethodAccessorImpl.java:25)
	at java.lang.reflect.Method.invoke(Method.java:597)
	at junit.framework.TestCase.runTest(TestCase.java:154)
	at junit.framework.TestCase.runBare(TestCase.java:127)
	at junit.framework.TestResult$1.protect(TestResult.java:106)
	at junit.framework.TestResult.runProtected(TestResult.java:124)
	at junit.framework.TestResult.run(TestResult.java:109)
	at junit.framework.TestCase.run(TestCase.java:118)
	at junit.framework.TestSuite.runTest(TestSuite.java:208)
	at junit.framework.TestSuite.run(TestSuite.java:203)
	at org.apache.tools.ant.taskdefs.optional.junit.JUnitTestRunner.run(JUnitTestRunner.java:518)
	at org.apache.tools.ant.taskdefs.optional.junit.JUnitTestRunner.launch(JUnitTestRunner.java:1052)
	at org.apache.tools.ant.taskdefs.optional.junit.JUnitTestRunner.main(JUnitTestRunner.java:906)
org.simpleframework.xml.core.PathException: Illegal character '/' in attribute for 'a/@b/@c' in class org.simpleframework.xml.core.PathParserTest
	at org.simpleframework.xml.core.PathParser.attribute(PathParser.java:554)
	at org.simpleframework.xml.core.PathParser.segment(PathParser.java:504)
	at org.simpleframework.xml.core.PathParser.path(PathParser.java:434)
	at org.simpleframework.xml.core.PathParser.parse(PathParser.java:414)
	at org.simpleframework.xml.core.PathParser.<init>(PathParser.java:157)
	at org.simpleframework.xml.core.PathParserTest.ensureException(PathParserTest.java:314)
	at org.simpleframework.xml.core.PathParserTest.testExceptions(PathParserTest.java:304)
	at sun.reflect.NativeMethodAccessorImpl.invoke0(Native Method)
	at sun.reflect.NativeMethodAccessorImpl.invoke(NativeMethodAccessorImpl.java:39)
	at sun.reflect.DelegatingMethodAccessorImpl.invoke(DelegatingMethodAccessorImpl.java:25)
	at java.lang.reflect.Method.invoke(Method.java:597)
	at junit.framework.TestCase.runTest(TestCase.java:154)
	at junit.framework.TestCase.runBare(TestCase.java:127)
	at junit.framework.TestResult$1.protect(TestResult.java:106)
	at junit.framework.TestResult.runProtected(TestResult.java:124)
	at junit.framework.TestResult.run(TestResult.java:109)
	at junit.framework.TestCase.run(TestCase.java:118)
	at junit.framework.TestSuite.runTest(TestSuite.java:208)
	at junit.framework.TestSuite.run(TestSuite.java:203)
	at org.apache.tools.ant.taskdefs.optional.junit.JUnitTestRunner.run(JUnitTestRunner.java:518)
	at org.apache.tools.ant.taskdefs.optional.junit.JUnitTestRunner.launch(JUnitTestRunner.java:1052)
	at org.apache.tools.ant.taskdefs.optional.junit.JUnitTestRunner.main(JUnitTestRunner.java:906)
org.simpleframework.xml.core.PathException: Illegal character '/' in attribute for 'a/@b/' in class org.simpleframework.xml.core.PathParserTest
	at org.simpleframework.xml.core.PathParser.attribute(PathParser.java:554)
	at org.simpleframework.xml.core.PathParser.segment(PathParser.java:504)
	at org.simpleframework.xml.core.PathParser.path(PathParser.java:434)
	at org.simpleframework.xml.core.PathParser.parse(PathParser.java:414)
	at org.simpleframework.xml.core.PathParser.<init>(PathParser.java:157)
	at org.simpleframework.xml.core.PathParserTest.ensureException(PathParserTest.java:314)
	at org.simpleframework.xml.core.PathParserTest.testExceptions(PathParserTest.java:305)
	at sun.reflect.NativeMethodAccessorImpl.invoke0(Native Method)
	at sun.reflect.NativeMethodAccessorImpl.invoke(NativeMethodAccessorImpl.java:39)
	at sun.reflect.DelegatingMethodAccessorImpl.invoke(DelegatingMethodAccessorImpl.java:25)
	at java.lang.reflect.Method.invoke(Method.java:597)
	at junit.framework.TestCase.runTest(TestCase.java:154)
	at junit.framework.TestCase.runBare(TestCase.java:127)
	at junit.framework.TestResult$1.protect(TestResult.java:106)
	at junit.framework.TestResult.runProtected(TestResult.java:124)
	at junit.framework.TestResult.run(TestResult.java:109)
	at junit.framework.TestCase.run(TestCase.java:118)
	at junit.framework.TestSuite.runTest(TestSuite.java:208)
	at junit.framework.TestSuite.run(TestSuite.java:203)
	at org.apache.tools.ant.taskdefs.optional.junit.JUnitTestRunner.run(JUnitTestRunner.java:518)
	at org.apache.tools.ant.taskdefs.optional.junit.JUnitTestRunner.launch(JUnitTestRunner.java:1052)
	at org.apache.tools.ant.taskdefs.optional.junit.JUnitTestRunner.main(JUnitTestRunner.java:906)
org.simpleframework.xml.core.PathException: Invalid index for path 'a/b[1]/c[' in class org.simpleframework.xml.core.PathParserTest
	at org.simpleframework.xml.core.PathParser.index(PathParser.java:588)
	at org.simpleframework.xml.core.PathParser.element(PathParser.java:529)
	at org.simpleframework.xml.core.PathParser.segment(PathParser.java:506)
	at org.simpleframework.xml.core.PathParser.path(PathParser.java:434)
	at org.simpleframework.xml.core.PathParser.parse(PathParser.java:414)
	at org.simpleframework.xml.core.PathParser.<init>(PathParser.java:157)
	at org.simpleframework.xml.core.PathParserTest.ensureException(PathParserTest.java:314)
	at org.simpleframework.xml.core.PathParserTest.testExceptions(PathParserTest.java:306)
	at sun.reflect.NativeMethodAccessorImpl.invoke0(Native Method)
	at sun.reflect.NativeMethodAccessorImpl.invoke(NativeMethodAccessorImpl.java:39)
	at sun.reflect.DelegatingMethodAccessorImpl.invoke(DelegatingMethodAccessorImpl.java:25)
	at java.lang.reflect.Method.invoke(Method.java:597)
	at junit.framework.TestCase.runTest(TestCase.java:154)
	at junit.framework.TestCase.runBare(TestCase.java:127)
	at junit.framework.TestResult$1.protect(TestResult.java:106)
	at junit.framework.TestResult.runProtected(TestResult.java:124)
	at junit.framework.TestResult.run(TestResult.java:109)
	at junit.framework.TestCase.run(TestCase.java:118)
	at junit.framework.TestSuite.runTest(TestSuite.java:208)
	at junit.framework.TestSuite.run(TestSuite.java:203)
	at org.apache.tools.ant.taskdefs.optional.junit.JUnitTestRunner.run(JUnitTestRunner.java:518)
	at org.apache.tools.ant.taskdefs.optional.junit.JUnitTestRunner.launch(JUnitTestRunner.java:1052)
	at org.apache.tools.ant.taskdefs.optional.junit.JUnitTestRunner.main(JUnitTestRunner.java:906)
org.simpleframework.xml.core.PathException: Attribute reference in 'a/b[1]/c/@' for class org.simpleframework.xml.core.PathParserTest is empty
	at org.simpleframework.xml.core.PathParser.attribute(PathParser.java:558)
	at org.simpleframework.xml.core.PathParser.segment(PathParser.java:504)
	at org.simpleframework.xml.core.PathParser.path(PathParser.java:434)
	at org.simpleframework.xml.core.PathParser.parse(PathParser.java:414)
	at org.simpleframework.xml.core.PathParser.<init>(PathParser.java:157)
	at org.simpleframework.xml.core.PathParserTest.ensureException(PathParserTest.java:314)
	at org.simpleframework.xml.core.PathParserTest.testExceptions(PathParserTest.java:307)
	at sun.reflect.NativeMethodAccessorImpl.invoke0(Native Method)
	at sun.reflect.NativeMethodAccessorImpl.invoke(NativeMethodAccessorImpl.java:39)
	at sun.reflect.DelegatingMethodAccessorImpl.invoke(DelegatingMethodAccessorImpl.java:25)
	at java.lang.reflect.Method.invoke(Method.java:597)
	at junit.framework.TestCase.runTest(TestCase.java:154)
	at junit.framework.TestCase.runBare(TestCase.java:127)
	at junit.framework.TestResult$1.protect(TestResult.java:106)
	at junit.framework.TestResult.runProtected(TestResult.java:124)
	at junit.framework.TestResult.run(TestResult.java:109)
	at junit.framework.TestCase.run(TestCase.java:118)
	at junit.framework.TestSuite.runTest(TestSuite.java:208)
	at junit.framework.TestSuite.run(TestSuite.java:203)
	at org.apache.tools.ant.taskdefs.optional.junit.JUnitTestRunner.run(JUnitTestRunner.java:518)
	at org.apache.tools.ant.taskdefs.optional.junit.JUnitTestRunner.launch(JUnitTestRunner.java:1052)
	at org.apache.tools.ant.taskdefs.optional.junit.JUnitTestRunner.main(JUnitTestRunner.java:906)
org.simpleframework.xml.core.PathException: Attribute reference in 'a@' for class org.simpleframework.xml.core.PathParserTest is empty
	at org.simpleframework.xml.core.PathParser.attribute(PathParser.java:558)
	at org.simpleframework.xml.core.PathParser.segment(PathParser.java:504)
	at org.simpleframework.xml.core.PathParser.path(PathParser.java:434)
	at org.simpleframework.xml.core.PathParser.parse(PathParser.java:414)
	at org.simpleframework.xml.core.PathParser.<init>(PathParser.java:157)
	at org.simpleframework.xml.core.PathParserTest.ensureException(PathParserTest.java:314)
	at org.simpleframework.xml.core.PathParserTest.testExceptions(PathParserTest.java:308)
	at sun.reflect.NativeMethodAccessorImpl.invoke0(Native Method)
	at sun.reflect.NativeMethodAccessorImpl.invoke(NativeMethodAccessorImpl.java:39)
	at sun.reflect.DelegatingMethodAccessorImpl.invoke(DelegatingMethodAccessorImpl.java:25)
	at java.lang.reflect.Method.invoke(Method.java:597)
	at junit.framework.TestCase.runTest(TestCase.java:154)
	at junit.framework.TestCase.runBare(TestCase.java:127)
	at junit.framework.TestResult$1.protect(TestResult.java:106)
	at junit.framework.TestResult.runProtected(TestResult.java:124)
	at junit.framework.TestResult.run(TestResult.java:109)
	at junit.framework.TestCase.run(TestCase.java:118)
	at junit.framework.TestSuite.runTest(TestSuite.java:208)
	at junit.framework.TestSuite.run(TestSuite.java:203)
	at org.apache.tools.ant.taskdefs.optional.junit.JUnitTestRunner.run(JUnitTestRunner.java:518)
	at org.apache.tools.ant.taskdefs.optional.junit.JUnitTestRunner.launch(JUnitTestRunner.java:1052)
	at org.apache.tools.ant.taskdefs.optional.junit.JUnitTestRunner.main(JUnitTestRunner.java:906)
------------- ---------------- ---------------

Testcase: testStyledPath took 0.005 sec
Testcase: testStyledPathWithPrefixes took 0 sec
Testcase: testEmptyPath took 0.001 sec
Testcase: testAttributePath took 0.002 sec
Testcase: testSimplePath took 0.001 sec
Testcase: testPathPrefix took 0 sec
Testcase: testAttribute took 0 sec
Testcase: testIndex took 0.001 sec
Testcase: testExpressions took 0 sec
Testcase: testExceptions took 0.015 sec
