Testsuite: org.simpleframework.xml.core.RedundantOrderTest
Tests run: 3, Failures: 0, Errors: 0, Time elapsed: 0.069 sec
------------- Standard Error -----------------
org.simpleframework.xml.core.ElementException: Ordered element 'c' missing for class org.simpleframework.xml.core.RedundantOrderTest$ElementEntry
	at org.simpleframework.xml.core.StructureBuilder.validateElements(StructureBuilder.java:620)
	at org.simpleframework.xml.core.StructureBuilder.validate(StructureBuilder.java:498)
	at org.simpleframework.xml.core.ObjectScanner.validate(ObjectScanner.java:419)
	at org.simpleframework.xml.core.ObjectScanner.scan(ObjectScanner.java:373)
	at org.simpleframework.xml.core.ObjectScanner.<init>(ObjectScanner.java:82)
	at org.simpleframework.xml.core.ScannerFactory.getInstance(ScannerFactory.java:81)
	at org.simpleframework.xml.core.Support.getScanner(Support.java:357)
	at org.simpleframework.xml.core.Support.getName(Support.java:419)
	at org.simpleframework.xml.core.Source.getName(Source.java:240)
	at org.simpleframework.xml.core.Traverser.getName(Traverser.java:284)
	at org.simpleframework.xml.core.Traverser.write(Traverser.java:203)
	at org.simpleframework.xml.core.Traverser.write(Traverser.java:186)
	at org.simpleframework.xml.core.Persister.write(Persister.java:1180)
	at org.simpleframework.xml.core.Persister.write(Persister.java:1162)
	at org.simpleframework.xml.core.Persister.write(Persister.java:1140)
	at org.simpleframework.xml.core.Persister.write(Persister.java:1259)
	at org.simpleframework.xml.ValidationTestCase.validate(ValidationTestCase.java:70)
	at org.simpleframework.xml.core.RedundantOrderTest.testRedundantElementOrder(RedundantOrderTest.java:67)
	at sun.reflect.NativeMethodAccessorImpl.invoke0(Native Method)
	at sun.reflect.NativeMethodAccessorImpl.invoke(NativeMethodAccessorImpl.java:39)
	at sun.reflect.DelegatingMethodAccessorImpl.invoke(DelegatingMethodAccessorImpl.java:25)
	at java.lang.reflect.Method.invoke(Method.java:597)
	at junit.framework.TestCase.runTest(TestCase.java:154)
	at junit.framework.TestCase.runBare(TestCase.java:127)
	at junit.framework.TestResult$1.protect(TestResult.java:106)
	at junit.framework.TestResult.runProtected(TestResult.java:124)
	at junit.framework.TestResult.run(TestResult.java:109)
	at junit.framework.TestCase.run(TestCase.java:118)
	at junit.framework.TestSuite.runTest(TestSuite.java:208)
	at junit.framework.TestSuite.run(TestSuite.java:203)
	at org.apache.tools.ant.taskdefs.optional.junit.JUnitTestRunner.run(JUnitTestRunner.java:518)
	at org.apache.tools.ant.taskdefs.optional.junit.JUnitTestRunner.launch(JUnitTestRunner.java:1052)
	at org.apache.tools.ant.taskdefs.optional.junit.JUnitTestRunner.main(JUnitTestRunner.java:906)
org.simpleframework.xml.core.AttributeException: Ordered attribute 'c' does not exist in class org.simpleframework.xml.core.RedundantOrderTest$AttributeEntry
	at org.simpleframework.xml.core.TreeModel.validateAttributes(TreeModel.java:479)
	at org.simpleframework.xml.core.TreeModel.validate(TreeModel.java:359)
	at org.simpleframework.xml.core.StructureBuilder.validateModel(StructureBuilder.java:515)
	at org.simpleframework.xml.core.StructureBuilder.validate(StructureBuilder.java:500)
	at org.simpleframework.xml.core.ObjectScanner.validate(ObjectScanner.java:419)
	at org.simpleframework.xml.core.ObjectScanner.scan(ObjectScanner.java:373)
	at org.simpleframework.xml.core.ObjectScanner.<init>(ObjectScanner.java:82)
	at org.simpleframework.xml.core.ScannerFactory.getInstance(ScannerFactory.java:81)
	at org.simpleframework.xml.core.Support.getScanner(Support.java:357)
	at org.simpleframework.xml.core.Support.getName(Support.java:419)
	at org.simpleframework.xml.core.Source.getName(Source.java:240)
	at org.simpleframework.xml.core.Traverser.getName(Traverser.java:284)
	at org.simpleframework.xml.core.Traverser.write(Traverser.java:203)
	at org.simpleframework.xml.core.Traverser.write(Traverser.java:186)
	at org.simpleframework.xml.core.Persister.write(Persister.java:1180)
	at org.simpleframework.xml.core.Persister.write(Persister.java:1162)
	at org.simpleframework.xml.core.Persister.write(Persister.java:1140)
	at org.simpleframework.xml.core.Persister.write(Persister.java:1259)
	at org.simpleframework.xml.ValidationTestCase.validate(ValidationTestCase.java:70)
	at org.simpleframework.xml.core.RedundantOrderTest.testRedundantAttributeOrder(RedundantOrderTest.java:81)
	at sun.reflect.NativeMethodAccessorImpl.invoke0(Native Method)
	at sun.reflect.NativeMethodAccessorImpl.invoke(NativeMethodAccessorImpl.java:39)
	at sun.reflect.DelegatingMethodAccessorImpl.invoke(DelegatingMethodAccessorImpl.java:25)
	at java.lang.reflect.Method.invoke(Method.java:597)
	at junit.framework.TestCase.runTest(TestCase.java:154)
	at junit.framework.TestCase.runBare(TestCase.java:127)
	at junit.framework.TestResult$1.protect(TestResult.java:106)
	at junit.framework.TestResult.runProtected(TestResult.java:124)
	at junit.framework.TestResult.run(TestResult.java:109)
	at junit.framework.TestCase.run(TestCase.java:118)
	at junit.framework.TestSuite.runTest(TestSuite.java:208)
	at junit.framework.TestSuite.run(TestSuite.java:203)
	at org.apache.tools.ant.taskdefs.optional.junit.JUnitTestRunner.run(JUnitTestRunner.java:518)
	at org.apache.tools.ant.taskdefs.optional.junit.JUnitTestRunner.launch(JUnitTestRunner.java:1052)
	at org.apache.tools.ant.taskdefs.optional.junit.JUnitTestRunner.main(JUnitTestRunner.java:906)
------------- ---------------- ---------------

Testcase: testRedundantElementOrder took 0.06 sec
Testcase: testRedundantAttributeOrder took 0.005 sec
Testcase: testDirectory took 0.001 sec
