Testsuite: org.simpleframework.xml.core.ValidateTest
Tests run: 5, Failures: 0, Errors: 0, Time elapsed: 0.093 sec
------------- Standard Error -----------------
org.simpleframework.xml.core.ValueRequiredException: Unable to satisfy @org.simpleframework.xml.Attribute(name=version, empty=, required=true) on field 'version' private org.simpleframework.xml.core.ValidateTest$Version org.simpleframework.xml.core.ValidateTest$TextEntry.version for class org.simpleframework.xml.core.ValidateTest$TextEntry at line 5
	at org.simpleframework.xml.core.Composite.validate(Composite.java:926)
	at org.simpleframework.xml.core.Composite.validateAttributes(Composite.java:749)
	at org.simpleframework.xml.core.Composite.validateSection(Composite.java:720)
	at org.simpleframework.xml.core.Composite.validate(Composite.java:700)
	at org.simpleframework.xml.core.Composite.validate(Composite.java:676)
	at org.simpleframework.xml.core.Traverser.validate(Traverser.java:171)
	at org.simpleframework.xml.core.CompositeArray.validate(CompositeArray.java:218)
	at org.simpleframework.xml.core.CompositeArray.validate(CompositeArray.java:193)
	at org.simpleframework.xml.core.Composite.validate(Composite.java:900)
	at org.simpleframework.xml.core.Composite.validateUnion(Composite.java:883)
	at org.simpleframework.xml.core.Composite.validateElement(Composite.java:859)
	at org.simpleframework.xml.core.Composite.validateElements(Composite.java:777)
	at org.simpleframework.xml.core.Composite.validateSection(Composite.java:721)
	at org.simpleframework.xml.core.Composite.validate(Composite.java:700)
	at org.simpleframework.xml.core.Composite.validate(Composite.java:676)
	at org.simpleframework.xml.core.Traverser.validate(Traverser.java:171)
	at org.simpleframework.xml.core.Persister.validate(Persister.java:1119)
	at org.simpleframework.xml.core.Persister.validate(Persister.java:1099)
	at org.simpleframework.xml.core.Persister.validate(Persister.java:1076)
	at org.simpleframework.xml.core.Persister.validate(Persister.java:1053)
	at org.simpleframework.xml.core.Persister.validate(Persister.java:987)
	at org.simpleframework.xml.core.Persister.validate(Persister.java:891)
	at org.simpleframework.xml.core.ValidateTest.testVersionMissing(ValidateTest.java:86)
	at sun.reflect.NativeMethodAccessorImpl.invoke0(Native Method)
	at sun.reflect.NativeMethodAccessorImpl.invoke(NativeMethodAccessorImpl.java:39)
	at sun.reflect.DelegatingMethodAccessorImpl.invoke(DelegatingMethodAccessorImpl.java:25)
	at java.lang.reflect.Method.invoke(Method.java:597)
	at junit.framework.TestCase.runTest(TestCase.java:154)
	at junit.framework.TestCase.runBare(TestCase.java:127)
	at junit.framework.TestResult$1.protect(TestResult.java:106)
	at junit.framework.TestResult.runProtected(TestResult.java:124)
	at junit.framework.TestResult.run(TestResult.java:109)
	at junit.framework.TestCase.run(TestCase.java:118)
	at junit.framework.TestSuite.runTest(TestSuite.java:208)
	at junit.framework.TestSuite.run(TestSuite.java:203)
	at org.apache.tools.ant.taskdefs.optional.junit.JUnitTestRunner.run(JUnitTestRunner.java:518)
	at org.apache.tools.ant.taskdefs.optional.junit.JUnitTestRunner.launch(JUnitTestRunner.java:1052)
	at org.apache.tools.ant.taskdefs.optional.junit.JUnitTestRunner.main(JUnitTestRunner.java:906)
org.simpleframework.xml.core.ValueRequiredException: Unable to satisfy @org.simpleframework.xml.Attribute(name=name, empty=, required=true) on field 'name' private java.lang.String org.simpleframework.xml.core.ValidateTest$TextEntry.name for class org.simpleframework.xml.core.ValidateTest$TextEntry at line 3
	at org.simpleframework.xml.core.Composite.validate(Composite.java:926)
	at org.simpleframework.xml.core.Composite.validateAttributes(Composite.java:749)
	at org.simpleframework.xml.core.Composite.validateSection(Composite.java:720)
	at org.simpleframework.xml.core.Composite.validate(Composite.java:700)
	at org.simpleframework.xml.core.Composite.validate(Composite.java:676)
	at org.simpleframework.xml.core.Traverser.validate(Traverser.java:171)
	at org.simpleframework.xml.core.CompositeArray.validate(CompositeArray.java:218)
	at org.simpleframework.xml.core.CompositeArray.validate(CompositeArray.java:193)
	at org.simpleframework.xml.core.Composite.validate(Composite.java:900)
	at org.simpleframework.xml.core.Composite.validateUnion(Composite.java:883)
	at org.simpleframework.xml.core.Composite.validateElement(Composite.java:859)
	at org.simpleframework.xml.core.Composite.validateElements(Composite.java:777)
	at org.simpleframework.xml.core.Composite.validateSection(Composite.java:721)
	at org.simpleframework.xml.core.Composite.validate(Composite.java:700)
	at org.simpleframework.xml.core.Composite.validate(Composite.java:676)
	at org.simpleframework.xml.core.Traverser.validate(Traverser.java:171)
	at org.simpleframework.xml.core.Persister.validate(Persister.java:1119)
	at org.simpleframework.xml.core.Persister.validate(Persister.java:1099)
	at org.simpleframework.xml.core.Persister.validate(Persister.java:1076)
	at org.simpleframework.xml.core.Persister.validate(Persister.java:1053)
	at org.simpleframework.xml.core.Persister.validate(Persister.java:987)
	at org.simpleframework.xml.core.Persister.validate(Persister.java:891)
	at org.simpleframework.xml.core.ValidateTest.testNameMissing(ValidateTest.java:99)
	at sun.reflect.NativeMethodAccessorImpl.invoke0(Native Method)
	at sun.reflect.NativeMethodAccessorImpl.invoke(NativeMethodAccessorImpl.java:39)
	at sun.reflect.DelegatingMethodAccessorImpl.invoke(DelegatingMethodAccessorImpl.java:25)
	at java.lang.reflect.Method.invoke(Method.java:597)
	at junit.framework.TestCase.runTest(TestCase.java:154)
	at junit.framework.TestCase.runBare(TestCase.java:127)
	at junit.framework.TestResult$1.protect(TestResult.java:106)
	at junit.framework.TestResult.runProtected(TestResult.java:124)
	at junit.framework.TestResult.run(TestResult.java:109)
	at junit.framework.TestCase.run(TestCase.java:118)
	at junit.framework.TestSuite.runTest(TestSuite.java:208)
	at junit.framework.TestSuite.run(TestSuite.java:203)
	at org.apache.tools.ant.taskdefs.optional.junit.JUnitTestRunner.run(JUnitTestRunner.java:518)
	at org.apache.tools.ant.taskdefs.optional.junit.JUnitTestRunner.launch(JUnitTestRunner.java:1052)
	at org.apache.tools.ant.taskdefs.optional.junit.JUnitTestRunner.main(JUnitTestRunner.java:906)
org.simpleframework.xml.core.PersistenceException: Element 'array' declared twice at line 8
	at org.simpleframework.xml.core.Variable$Adapter.validate(Variable.java:506)
	at org.simpleframework.xml.core.Composite.validate(Composite.java:900)
	at org.simpleframework.xml.core.Composite.validateUnion(Composite.java:883)
	at org.simpleframework.xml.core.Composite.validateElement(Composite.java:859)
	at org.simpleframework.xml.core.Composite.validateElements(Composite.java:777)
	at org.simpleframework.xml.core.Composite.validateSection(Composite.java:721)
	at org.simpleframework.xml.core.Composite.validate(Composite.java:700)
	at org.simpleframework.xml.core.Composite.validate(Composite.java:676)
	at org.simpleframework.xml.core.Traverser.validate(Traverser.java:171)
	at org.simpleframework.xml.core.Persister.validate(Persister.java:1119)
	at org.simpleframework.xml.core.Persister.validate(Persister.java:1099)
	at org.simpleframework.xml.core.Persister.validate(Persister.java:1076)
	at org.simpleframework.xml.core.Persister.validate(Persister.java:1053)
	at org.simpleframework.xml.core.Persister.validate(Persister.java:987)
	at org.simpleframework.xml.core.Persister.validate(Persister.java:891)
	at org.simpleframework.xml.core.ValidateTest.testExtraElement(ValidateTest.java:125)
	at sun.reflect.NativeMethodAccessorImpl.invoke0(Native Method)
	at sun.reflect.NativeMethodAccessorImpl.invoke(NativeMethodAccessorImpl.java:39)
	at sun.reflect.DelegatingMethodAccessorImpl.invoke(DelegatingMethodAccessorImpl.java:25)
	at java.lang.reflect.Method.invoke(Method.java:597)
	at junit.framework.TestCase.runTest(TestCase.java:154)
	at junit.framework.TestCase.runBare(TestCase.java:127)
	at junit.framework.TestResult$1.protect(TestResult.java:106)
	at junit.framework.TestResult.runProtected(TestResult.java:124)
	at junit.framework.TestResult.run(TestResult.java:109)
	at junit.framework.TestCase.run(TestCase.java:118)
	at junit.framework.TestSuite.runTest(TestSuite.java:208)
	at junit.framework.TestSuite.run(TestSuite.java:203)
	at org.apache.tools.ant.taskdefs.optional.junit.JUnitTestRunner.run(JUnitTestRunner.java:518)
	at org.apache.tools.ant.taskdefs.optional.junit.JUnitTestRunner.launch(JUnitTestRunner.java:1052)
	at org.apache.tools.ant.taskdefs.optional.junit.JUnitTestRunner.main(JUnitTestRunner.java:906)
------------- ---------------- ---------------

Testcase: testVersionMissing took 0.079 sec
Testcase: testNameMissing took 0.003 sec
Testcase: testTextMissing took 0.001 sec
Testcase: testExtraElement took 0.005 sec
Testcase: testDirectory took 0.001 sec
